<?xml version="1.0" encoding="UTF-8"?>
<!-- Generated by org.testng.reporters.JUnitReportReporter -->
<testsuite skipped="0" hostname="KRamya" name="com.testcases.testcase" tests="1" failures="0" timestamp="15 Apr 2020 14:12:33 GMT" time="45.136" errors="0">
  <testcase name="Royalcaribbean" time="45.136" classname="com.testcases.testcase"/>
</testsuite> <!-- com.testcases.testcase -->
